start_node = 5
Articulation points
----------------------------------------------------------
3 4 
----------------------------------------------------------
----------------------------------------------------------------------------------------
Biconnected components
----------------------------------------------------------------------------------------
1 2 3 
3 4 
3 7 
4 5 6 
----------------------------------------------------------------------------------------
Articulation bridges
----------------------------------------------------------------------------------------
3 4 
3 7 
Number of Vertices = 7
Number of Edges = 16
Unary operations charged to vertices = 151
Unary operations charged to edges = 132
Total number of Unary operations charge = 283
