start_node = 3
Articulation points
----------------------------------------------------------
2 5 7 13 14 
----------------------------------------------------------
----------------------------------------------------------------------------------------
Biconnected components
----------------------------------------------------------------------------------------
1 11 13 14 
2 5 
2 14 
3 4 5 6 7 8 10 15 
7 12 
9 13 
----------------------------------------------------------------------------------------
Articulation bridges
----------------------------------------------------------------------------------------
2 5 
2 14 
7 12 
9 13 
Number of Vertices = 15
Number of Edges = 34
Unary operations charged to vertices = 316
Unary operations charged to edges = 278
Total number of Unary operations charge = 594
