start_node = 12
Articulation points
----------------------------------------------------------
1 2 5 11 19 20 
----------------------------------------------------------
----------------------------------------------------------------------------------------
Biconnected components
----------------------------------------------------------------------------------------
1 2 12 
1 11 
2 26 
3 4 6 7 8 9 10 13 14 15 16 17 18 19 20 21 23 24 25 27 28 29 30 
5 20 
5 22 
11 19 
----------------------------------------------------------------------------------------
Articulation bridges
----------------------------------------------------------------------------------------
1 11 
2 26 
5 20 
5 22 
11 19 
Number of Vertices = 30
Number of Edges = 66
Unary operations charged to vertices = 610
Unary operations charged to edges = 536
Total number of Unary operations charge = 1146
