start_node = 46
Articulation points
----------------------------------------------------------
2 3 5 10 11 14 17 19 20 22 24 30 31 32 34 36 37 39 40 42 44 46 48 49 50 
----------------------------------------------------------
----------------------------------------------------------------------------------------
Biconnected components
----------------------------------------------------------------------------------------
1 4 6 7 8 9 12 13 15 16 18 21 25 26 27 28 30 33 35 38 40 41 43 45 47 
2 39 
2 46 
3 40 
3 49 
5 32 
5 42 
10 42 
10 50 
11 46 
11 48 
14 19 
14 30 
17 36 
17 37 
19 44 
20 23 
20 36 
22 29 
22 49 
24 34 
24 50 
31 44 
31 48 
32 39 
34 37 
----------------------------------------------------------------------------------------
Articulation bridges
----------------------------------------------------------------------------------------
2 39 
2 46 
3 40 
3 49 
5 32 
5 42 
10 42 
10 50 
11 46 
11 48 
14 19 
14 30 
17 36 
17 37 
19 44 
20 23 
20 36 
22 29 
22 49 
24 34 
24 50 
31 44 
31 48 
32 39 
34 37 
Number of Vertices = 50
Number of Edges = 104
Unary operations charged to vertices = 1061
Unary operations charged to edges = 838
Total number of Unary operations charge = 1899
