start_node = 32
Articulation points
----------------------------------------------------------
2 6 7 8 15 17 24 34 38 41 43 48 49 54 59 
----------------------------------------------------------
----------------------------------------------------------------------------------------
Biconnected components
----------------------------------------------------------------------------------------
1 3 4 5 9 10 11 12 13 14 15 16 18 20 21 22 23 26 27 28 29 30 31 32 33 34 35 36 37 39 40 42 44 45 46 47 50 51 52 53 55 56 57 58 60 
2 6 
2 34 
6 48 
7 38 
7 59 
8 24 
8 54 
15 17 
17 59 
19 41 
24 41 
25 43 
38 43 
48 49 
49 54 
----------------------------------------------------------------------------------------
Articulation bridges
----------------------------------------------------------------------------------------
2 6 
2 34 
6 48 
7 38 
7 59 
8 24 
8 54 
15 17 
17 59 
19 41 
24 41 
25 43 
38 43 
48 49 
49 54 
Number of Vertices = 60
Number of Edges = 120
Unary operations charged to vertices = 1201
Unary operations charged to edges = 962
Total number of Unary operations charge = 2163
