start_node = 16
Articulation points
----------------------------------------------------------
1 4 6 10 21 27 37 44 47 51 54 55 61 70 
----------------------------------------------------------
----------------------------------------------------------------------------------------
Biconnected components
----------------------------------------------------------------------------------------
1 47 
1 54 
2 3 4 5 7 8 9 11 12 13 16 17 18 19 20 22 23 24 25 26 28 29 30 31 32 33 34 35 36 38 39 40 41 42 43 44 45 46 48 49 52 53 56 57 58 59 60 62 63 64 65 66 67 68 69 
4 27 
6 55 
6 70 
10 51 
10 70 
14 15 54 
21 27 
21 37 
37 51 
44 50 
47 61 
55 61 
----------------------------------------------------------------------------------------
Articulation bridges
----------------------------------------------------------------------------------------
1 47 
1 54 
4 27 
6 55 
6 70 
10 51 
10 70 
21 27 
21 37 
37 51 
44 50 
47 61 
55 61 
Number of Vertices = 70
Number of Edges = 146
Unary operations charged to vertices = 1402
Unary operations charged to edges = 1176
Total number of Unary operations charge = 2578
