start_node = 56
Articulation points
----------------------------------------------------------
2 8 16 18 20 32 39 41 58 59 68 87 100 
----------------------------------------------------------
----------------------------------------------------------------------------------------
Biconnected components
----------------------------------------------------------------------------------------
1 2 3 4 5 6 7 9 10 11 12 13 14 15 17 18 19 21 22 23 24 25 26 27 29 30 31 33 34 35 36 37 38 40 42 43 45 46 47 48 49 50 51 52 53 54 55 56 57 60 61 62 63 64 65 66 69 70 71 72 73 74 75 76 77 78 79 80 81 82 83 84 85 86 88 89 90 91 92 93 94 95 96 97 98 99 
2 58 
8 32 
8 87 
16 20 
16 87 
18 39 
20 41 44 
28 68 
32 100 
39 67 
41 68 
58 59 
59 100 
----------------------------------------------------------------------------------------
Articulation bridges
----------------------------------------------------------------------------------------
2 58 
8 32 
8 87 
16 20 
16 87 
18 39 
28 68 
32 100 
39 67 
41 68 
58 59 
59 100 
Number of Vertices = 100
Number of Edges = 208
Unary operations charged to vertices = 1973
Unary operations charged to edges = 1674
Total number of Unary operations charge = 3647
